Build started 14/01/2022 12:24:40 PM.
     1>Project "E:\Computer Science\DHMT\Robot\Robot.vcxproj" on node 2 (build target(s)).
     1>InitializeBuildStatus:
         Creating "Debug\Robot.unsuccessfulbuild" because "AlwaysCreate" was specified.
       ClCompile:
         C:\Program Files (x86)\Microsoft Visual Studio 10.0\VC\bin\CL.exe /c /ZI /nologo /W3 /WX- /Od /Oy- /D WIN32 /D _DEBUG /D _CONSOLE /D _UNICODE /D UNICODE /Gm /EHsc /RTC1 /MDd /GS /fp:precise /Zc:wchar_t /Zc:forScope /Fo"Debug\\" /Fd"Debug\vc100.pdb" /Gd /TP /analyze- /errorReport:prompt Testv6.cpp
         Testv6.cpp
     1>e:\computer science\dhmt\robot\testv6.cpp(69): warning C4244: 'argument' : conversion from 'time_t' to 'unsigned int', possible loss of data
     1>e:\computer science\dhmt\robot\testv6.cpp(110): warning C4244: 'initializing' : conversion from 'int' to 'float', possible loss of data
     1>e:\computer science\dhmt\robot\testv6.cpp(113): warning C4244: 'initializing' : conversion from 'int' to 'float', possible loss of data
     1>e:\computer science\dhmt\robot\testv6.cpp(113): warning C4244: 'initializing' : conversion from 'int' to 'float', possible loss of data
     1>e:\computer science\dhmt\robot\testv6.cpp(114): warning C4244: 'argument' : conversion from 'float' to 'int', possible loss of data
     1>e:\computer science\dhmt\robot\testv6.cpp(114): warning C4244: 'argument' : conversion from 'float' to 'int', possible loss of data
       ManifestResourceCompile:
         All outputs are up-to-date.
       Link:
         C:\Program Files (x86)\Microsoft Visual Studio 10.0\VC\bin\link.exe /ERRORREPORT:PROMPT /OUT:"E:\Computer Science\DHMT\Robot\Debug\Robot.exe" /INCREMENTAL /NOLOGO kernel32.lib user32.lib gdi32.lib winspool.lib comdlg32.lib advapi32.lib shell32.lib ole32.lib oleaut32.lib uuid.lib odbc32.lib odbccp32.lib /MANIFEST /ManifestFile:"Debug\Robot.exe.intermediate.manifest" /MANIFESTUAC:"level='asInvoker' uiAccess='false'" /DEBUG /PDB:"E:\Computer Science\DHMT\Robot\Debug\Robot.pdb" /SUBSYSTEM:CONSOLE /TLBID:1 /DYNAMICBASE /NXCOMPAT /IMPLIB:"E:\Computer Science\DHMT\Robot\Debug\Robot.lib" /MACHINE:X86 Debug\Robot.exe.embed.manifest.res
         Debug\Testv6.obj
       Manifest:
         C:\Program Files (x86)\Microsoft SDKs\Windows\v7.0A\bin\mt.exe /nologo /verbose /out:"Debug\Robot.exe.embed.manifest" /manifest Debug\Robot.exe.intermediate.manifest
         All outputs are up-to-date.
       LinkEmbedManifest:
         All outputs are up-to-date.
         Robot.vcxproj -> E:\Computer Science\DHMT\Robot\Debug\Robot.exe
       FinalizeBuildStatus:
         Deleting file "Debug\Robot.unsuccessfulbuild".
         Touching "Debug\Robot.lastbuildstate".
     1>Done Building Project "E:\Computer Science\DHMT\Robot\Robot.vcxproj" (build target(s)).

Build succeeded.

Time Elapsed 00:00:02.53
